<?xml version="1.0"?>
<testsuite name="PhantomJS 2.1.1 (Mac OS X 0.0.0)" package="" timestamp="2017-08-17T16:09:10" id="0" hostname="MacBook-Pro-dom-2.local" tests="1" errors="0" failures="0" time="0.005">
  <properties>
    <property name="browser.fullName" value="Mozilla/5.0 (Macintosh; Intel Mac OS X) AppleWebKit/538.1 (KHTML, like Gecko) PhantomJS/2.1.1 Safari/538.1"/>
  </properties>
  <testcase name="Basic Ext Assumption has ExtJS 4 loaded" time="0.005" classname="PhantomJS_2_1_1_(Mac_OS_X_0_0_0).Basic Ext Assumption"/>
  <system-out>
    <![CDATA[PhantomJS 2.1.1 (Mac OS X 0.0.0) LOG: 'Starting Tests...'

]]>
  </system-out>
  <system-err/>
</testsuite>